<?xml version="1.0" encoding="UTF-8"?>
<!-- Generated by org.testng.reporters.JUnitReportReporter -->
<testsuite skipped="0" hostname="LAPTOP-C4N89U9U" name="testcases.Login" tests="1" failures="0" timestamp="2020-04-21T10:02:36 IST" time="42.706" errors="0">
  <testcase name="login" time="42.706" classname="testcases.Login"/>
</testsuite> <!-- testcases.Login -->
